#
# There is insufficient memory for the Java Runtime Environment to continue.
# Native memory allocation (malloc) failed to allocate 881776 bytes for Chunk::new
# Possible reasons:
#   The system is out of physical RAM or swap space
#   In 32 bit mode, the process size limit was hit
# Possible solutions:
#   Reduce memory load on the system
#   Increase physical memory or swap space
#   Check if swap backing store is full
#   Use 64 bit Java on a 64 bit OS
#   Decrease Java heap size (-Xmx/-Xms)
#   Decrease number of Java threads
#   Decrease Java thread stack sizes (-Xss)
#   Set larger code cache with -XX:ReservedCodeCacheSize=
# This output file may be truncated or incomplete.
#
#  Out of Memory Error (allocation.cpp:390), pid=10696, tid=0x0000000000001070
#
# JRE version: OpenJDK Runtime Environment (8.0_152-b02) (build 1.8.0_152-release-1024-b02)
# Java VM: OpenJDK 64-Bit Server VM (25.152-b02 mixed mode windows-amd64 compressed oops)
# Failed to write core dump. Minidumps are not enabled by default on client versions of Windows
#

---------------  T H R E A D  ---------------

Current thread (0x00000000169b9800):  JavaThread "C2 CompilerThread0" daemon [_thread_in_native, id=4208, stack(0x0000000018000000,0x0000000018100000)]

Stack: [0x0000000018000000,0x0000000018100000]
[error occurred during error reporting (printing stack bounds), id 0xc0000005]

Native frames: (J=compiled Java code, j=interpreted, Vv=VM code, C=native code)


Current CompileTask:
C2:   9314 4640   !   4       com.sun.beans.TypeResolver::resolve (274 bytes)


---------------  P R O C E S S  ---------------

Java Threads: ( => current thread )
  0x000000001cc86800 JavaThread "Memory manager" [_thread_blocked, id=240, stack(0x0000000021fa0000,0x00000000220a0000)]
  0x000000001b9c2800 JavaThread "pool-1-thread-1" [_thread_blocked, id=2376, stack(0x0000000021a30000,0x0000000021b30000)]
  0x000000001b9c6000 JavaThread "build operations Thread 4" [_thread_blocked, id=5284, stack(0x0000000021520000,0x0000000021620000)]
  0x000000001b9c5800 JavaThread "build operations Thread 3" [_thread_blocked, id=11088, stack(0x0000000021420000,0x0000000021520000)]
  0x000000001b9c7800 JavaThread "build operations Thread 2" [_thread_blocked, id=12116, stack(0x0000000021320000,0x0000000021420000)]
  0x000000001b9c4000 JavaThread "build operations" [_thread_blocked, id=472, stack(0x0000000021220000,0x0000000021320000)]
  0x000000001b9c0800 JavaThread "Cache worker for Artifact transforms cache (C:\Users\Asus\.gradle\caches\transforms-1)" [_thread_blocked, id=6504, stack(0x000000001fc20000,0x000000001fd20000)]
  0x0000000019fe6800 JavaThread "Cache worker for file hash cache (C:\Users\Asus\Music\Trip\.gradle\4.4\fileHashes)" [_thread_blocked, id=7296, stack(0x000000001c520000,0x000000001c620000)]
  0x0000000019ca1800 JavaThread "File lock request listener" [_thread_in_native, id=8100, stack(0x000000001b450000,0x000000001b550000)]
  0x00000000199c6000 JavaThread "Cache worker for file hash cache (C:\Users\Asus\.gradle\caches\4.4\fileHashes)" [_thread_blocked, id=8940, stack(0x000000001b350000,0x000000001b450000)]
  0x00000000199c5800 JavaThread "Stdin handler" [_thread_blocked, id=13208, stack(0x000000001b050000,0x000000001b150000)]
  0x00000000199c3800 JavaThread "Asynchronous log dispatcher for DefaultDaemonConnection: socket connection from /127.0.0.1:61268 to /127.0.0.1:61269" [_thread_blocked, id=10556, stack(0x000000001af50000,0x000000001b050000)]
  0x00000000199c0800 JavaThread "Daemon worker" [_thread_in_native, id=5340, stack(0x000000001ae50000,0x000000001af50000)]
  0x00000000199bf800 JavaThread "Cancel handler" [_thread_blocked, id=11852, stack(0x000000001ad50000,0x000000001ae50000)]
  0x000000001998e000 JavaThread "Handler for socket connection from /127.0.0.1:61268 to /127.0.0.1:61269" [_thread_in_native, id=13108, stack(0x000000001aa50000,0x000000001ab50000)]
  0x0000000019989000 JavaThread "Daemon" [_thread_blocked, id=9352, stack(0x000000001a950000,0x000000001aa50000)]
  0x0000000019731800 JavaThread "Daemon periodic checks" [_thread_blocked, id=8792, stack(0x000000001a850000,0x000000001a950000)]
  0x000000001972c800 JavaThread "Incoming local TCP Connector on port 61268" [_thread_in_native, id=9888, stack(0x000000001a610000,0x000000001a710000)]
  0x0000000018328800 JavaThread "Service Thread" daemon [_thread_blocked, id=10836, stack(0x0000000018700000,0x0000000018800000)]
  0x00000000169c2800 JavaThread "C1 CompilerThread2" daemon [_thread_blocked, id=1548, stack(0x0000000018200000,0x0000000018300000)]
  0x00000000169bf000 JavaThread "C2 CompilerThread1" daemon [_thread_blocked, id=11840, stack(0x0000000018100000,0x0000000018200000)]
=>0x00000000169b9800 JavaThread "C2 CompilerThread0" daemon [_thread_in_native, id=4208, stack(0x0000000018000000,0x0000000018100000)]
  0x00000000169c7800 JavaThread "Attach Listener" daemon [_thread_blocked, id=11792, stack(0x0000000017f00000,0x0000000018000000)]
  0x00000000169c6000 JavaThread "Signal Dispatcher" daemon [_thread_blocked, id=6532, stack(0x0000000017e00000,0x0000000017f00000)]
  0x000000000304e000 JavaThread "Finalizer" daemon [_thread_blocked, id=4036, stack(0x0000000017c10000,0x0000000017d10000)]
  0x0000000016987800 JavaThread "Reference Handler" daemon [_thread_blocked, id=12548, stack(0x0000000017b10000,0x0000000017c10000)]
  0x0000000002e5d800 JavaThread "main" [_thread_blocked, id=672, stack(0x0000000002d50000,0x0000000002e50000)]

Other Threads:
  0x0000000016985800 VMThread [stack: 0x0000000017a10000,0x0000000017b10000] [id=7844]
  0x0000000016a1c000 WatcherThread [stack: 0x0000000018800000,0x0000000018900000] [id=7464]

VM state:not at safepoint (normal execution)

VM Mutex/Monitor currently owned by a thread: None

Heap:
 PSYoungGen      total 94208K, used 1551K [0x00000000e0000000, 0x00000000e7d80000, 0x0000000100000000)
  eden space 83456K, 1% used [0x00000000e0000000,0x00000000e0183e20,0x00000000e5180000)
  from space 10752K, 0% used [0x00000000e7300000,0x00000000e7300000,0x00000000e7d80000)
  to   space 9728K, 0% used [0x00000000e5180000,0x00000000e5180000,0x00000000e5b00000)
 ParOldGen       total 56320K, used 26652K [0x00000000a0000000, 0x00000000a3700000, 0x00000000e0000000)
  object space 56320K, 47% used [0x00000000a0000000,0x00000000a1a073b0,0x00000000a3700000)
 Metaspace       used 47506K, capacity 48538K, committed 48728K, reserved 1093632K
  class space    used 6448K, capacity 6766K, committed 6784K, reserved 1048576K

Card table byte_map: [0x0000000012410000,0x0000000012720000] byte_map_base: 0x0000000011f10000

Marking Bits: (ParMarkBitMap*) 0x00000000547c4970
 Begin Bits: [0x0000000012d20000, 0x0000000014520000)
 End Bits:   [0x0000000014520000, 0x0000000015d20000)

Polling page: 0x0000000001480000

CodeCache: size=245760Kb used=14922Kb max_used=14922Kb free=230838Kb
 bounds [0x0000000003050000, 0x0000000003ef0000, 0x0000000012050000]
 total_blobs=5078 nmethods=4336 adapters=654
 compilation: enabled

Compilation events (10 events):
Event: 9.296 Thread 0x00000000169c2800 4663       1       com.google.common.collect.Iterators::emptyListIterator (4 bytes)
Event: 9.296 Thread 0x00000000169c2800 nmethod 4663 0x0000000003ee4b90 code [0x0000000003ee4ce0, 0x0000000003ee4dd0]
Event: 9.296 Thread 0x00000000169c2800 4661       3       org.gradle.api.internal.DefaultDomainObjectCollection::whenObjectAdded (11 bytes)
Event: 9.296 Thread 0x00000000169c2800 nmethod 4661 0x0000000003ee4710 code [0x0000000003ee4880, 0x0000000003ee4aa8]
Event: 9.296 Thread 0x00000000169c2800 4658       3       org.gradle.api.internal.DefaultDomainObjectCollection$IteratorImpl::hasNext (10 bytes)
Event: 9.296 Thread 0x00000000169c2800 nmethod 4658 0x0000000003ee42d0 code [0x0000000003ee4440, 0x0000000003ee4668]
Event: 9.296 Thread 0x00000000169c2800 4659       3       java.util.ArrayDeque::pop (5 bytes)
Event: 9.297 Thread 0x00000000169c2800 nmethod 4659 0x0000000003ee3cd0 code [0x0000000003ee3e60, 0x0000000003ee4158]
Event: 9.297 Thread 0x00000000169c2800 4662       3       com.google.common.collect.Iterators$5::next (33 bytes)
Event: 9.297 Thread 0x00000000169c2800 nmethod 4662 0x0000000003ee3610 code [0x0000000003ee37a0, 0x0000000003ee3b88]

GC Heap History (10 events):
Event: 5.120 GC heap before
{Heap before GC invocations=11 (full 1):
 PSYoungGen      total 72192K, used 33947K [0x00000000e0000000, 0x00000000e6480000, 0x0000000100000000)
  eden space 63488K, 39% used [0x00000000e0000000,0x00000000e18ae8d0,0x00000000e3e00000)
  from space 8704K, 99% used [0x00000000e3e00000,0x00000000e4678568,0x00000000e4680000)
  to   space 9728K, 0% used [0x00000000e5b00000,0x00000000e5b00000,0x00000000e6480000)
 ParOldGen       total 35328K, used 8669K [0x00000000a0000000, 0x00000000a2280000, 0x00000000e0000000)
  object space 35328K, 24% used [0x00000000a0000000,0x00000000a0877690,0x00000000a2280000)
 Metaspace       used 34660K, capacity 35244K, committed 35416K, reserved 1079296K
  class space    used 4780K, capacity 4972K, committed 4992K, reserved 1048576K
Event: 5.129 GC heap after
Heap after GC invocations=11 (full 1):
 PSYoungGen      total 93184K, used 6634K [0x00000000e0000000, 0x00000000e6480000, 0x0000000100000000)
  eden space 83456K, 0% used [0x00000000e0000000,0x00000000e0000000,0x00000000e5180000)
  from space 9728K, 68% used [0x00000000e5b00000,0x00000000e617aa00,0x00000000e6480000)
  to   space 9728K, 0% used [0x00000000e5180000,0x00000000e5180000,0x00000000e5b00000)
 ParOldGen       total 35328K, used 11578K [0x00000000a0000000, 0x00000000a2280000, 0x00000000e0000000)
  object space 35328K, 32% used [0x00000000a0000000,0x00000000a0b4ea20,0x00000000a2280000)
 Metaspace       used 34660K, capacity 35244K, committed 35416K, reserved 1079296K
  class space    used 4780K, capacity 4972K, committed 4992K, reserved 1048576K
}
Event: 5.129 GC heap before
{Heap before GC invocations=12 (full 2):
 PSYoungGen      total 93184K, used 6634K [0x00000000e0000000, 0x00000000e6480000, 0x0000000100000000)
  eden space 83456K, 0% used [0x00000000e0000000,0x00000000e0000000,0x00000000e5180000)
  from space 9728K, 68% used [0x00000000e5b00000,0x00000000e617aa00,0x00000000e6480000)
  to   space 9728K, 0% used [0x00000000e5180000,0x00000000e5180000,0x00000000e5b00000)
 ParOldGen       total 35328K, used 11578K [0x00000000a0000000, 0x00000000a2280000, 0x00000000e0000000)
  object space 35328K, 32% used [0x00000000a0000000,0x00000000a0b4ea20,0x00000000a2280000)
 Metaspace       used 34660K, capacity 35244K, committed 35416K, reserved 1079296K
  class space    used 4780K, capacity 4972K, committed 4992K, reserved 1048576K
Event: 5.190 GC heap after
Heap after GC invocations=12 (full 2):
 PSYoungGen      total 93184K, used 0K [0x00000000e0000000, 0x00000000e6480000, 0x0000000100000000)
  eden space 83456K, 0% used [0x00000000e0000000,0x00000000e0000000,0x00000000e5180000)
  from space 9728K, 0% used [0x00000000e5b00000,0x00000000e5b00000,0x00000000e6480000)
  to   space 9728K, 0% used [0x00000000e5180000,0x00000000e5180000,0x00000000e5b00000)
 ParOldGen       total 56320K, used 16175K [0x00000000a0000000, 0x00000000a3700000, 0x00000000e0000000)
  object space 56320K, 28% used [0x00000000a0000000,0x00000000a0fcbdd0,0x00000000a3700000)
 Metaspace       used 34660K, capacity 35244K, committed 35416K, reserved 1079296K
  class space    used 4780K, capacity 4972K, committed 4992K, reserved 1048576K
}
Event: 6.034 GC heap before
{Heap before GC invocations=13 (full 2):
 PSYoungGen      total 93184K, used 83456K [0x00000000e0000000, 0x00000000e6480000, 0x0000000100000000)
  eden space 83456K, 100% used [0x00000000e0000000,0x00000000e5180000,0x00000000e5180000)
  from space 9728K, 0% used [0x00000000e5b00000,0x00000000e5b00000,0x00000000e6480000)
  to   space 9728K, 0% used [0x00000000e5180000,0x00000000e5180000,0x00000000e5b00000)
 ParOldGen       total 56320K, used 16175K [0x00000000a0000000, 0x00000000a3700000, 0x00000000e0000000)
  object space 56320K, 28% used [0x00000000a0000000,0x00000000a0fcbdd0,0x00000000a3700000)
 Metaspace       used 39782K, capacity 40522K, committed 40792K, reserved 1085440K
  class space    used 5405K, capacity 5655K, committed 5760K, reserved 1048576K
Event: 6.045 GC heap after
Heap after GC invocations=13 (full 2):
 PSYoungGen      total 93184K, used 8863K [0x00000000e0000000, 0x00000000e7d80000, 0x0000000100000000)
  eden space 83456K, 0% used [0x00000000e0000000,0x00000000e0000000,0x00000000e5180000)
  from space 9728K, 91% used [0x00000000e5180000,0x00000000e5a27ee8,0x00000000e5b00000)
  to   space 10752K, 0% used [0x00000000e7300000,0x00000000e7300000,0x00000000e7d80000)
 ParOldGen       total 56320K, used 16183K [0x00000000a0000000, 0x00000000a3700000, 0x00000000e0000000)
  object space 56320K, 28% used [0x00000000a0000000,0x00000000a0fcddd0,0x00000000a3700000)
 Metaspace       used 39782K, capacity 40522K, committed 40792K, reserved 1085440K
  class space    used 5405K, capacity 5655K, committed 5760K, reserved 1048576K
}
Event: 9.011 GC heap before
{Heap before GC invocations=14 (full 2):
 PSYoungGen      total 93184K, used 87136K [0x00000000e0000000, 0x00000000e7d80000, 0x0000000100000000)
  eden space 83456K, 93% used [0x00000000e0000000,0x00000000e4c703b8,0x00000000e5180000)
  from space 9728K, 91% used [0x00000000e5180000,0x00000000e5a27ee8,0x00000000e5b00000)
  to   space 10752K, 0% used [0x00000000e7300000,0x00000000e7300000,0x00000000e7d80000)
 ParOldGen       total 56320K, used 16183K [0x00000000a0000000, 0x00000000a3700000, 0x00000000e0000000)
  object space 56320K, 28% used [0x00000000a0000000,0x00000000a0fcddd0,0x00000000a3700000)
 Metaspace       used 47389K, capacity 48446K, committed 48472K, reserved 1095680K
  class space    used 6431K, capacity 6760K, committed 6784K, reserved 1048576K
Event: 9.033 GC heap after
Heap after GC invocations=14 (full 2):
 PSYoungGen      total 94208K, used 10731K [0x00000000e0000000, 0x00000000e7d80000, 0x0000000100000000)
  eden space 83456K, 0% used [0x00000000e0000000,0x00000000e0000000,0x00000000e5180000)
  from space 10752K, 99% used [0x00000000e7300000,0x00000000e7d7aec8,0x00000000e7d80000)
  to   space 9728K, 0% used [0x00000000e5180000,0x00000000e5180000,0x00000000e5b00000)
 ParOldGen       total 56320K, used 19003K [0x00000000a0000000, 0x00000000a3700000, 0x00000000e0000000)
  object space 56320K, 33% used [0x00000000a0000000,0x00000000a128ee48,0x00000000a3700000)
 Metaspace       used 47389K, capacity 48446K, committed 48472K, reserved 1095680K
  class space    used 6431K, capacity 6760K, committed 6784K, reserved 1048576K
}
Event: 9.033 GC heap before
{Heap before GC invocations=15 (full 3):
 PSYoungGen      total 94208K, used 10731K [0x00000000e0000000, 0x00000000e7d80000, 0x0000000100000000)
  eden space 83456K, 0% used [0x00000000e0000000,0x00000000e0000000,0x00000000e5180000)
  from space 10752K, 99% used [0x00000000e7300000,0x00000000e7d7aec8,0x00000000e7d80000)
  to   space 9728K, 0% used [0x00000000e5180000,0x00000000e5180000,0x00000000e5b00000)
 ParOldGen       total 56320K, used 19003K [0x00000000a0000000, 0x00000000a3700000, 0x00000000e0000000)
  object space 56320K, 33% used [0x00000000a0000000,0x00000000a128ee48,0x00000000a3700000)
 Metaspace       used 47389K, capacity 48446K, committed 48472K, reserved 1095680K
  class space    used 6431K, capacity 6760K, committed 6784K, reserved 1048576K
Event: 9.254 GC heap after
Heap after GC invocations=15 (full 3):
 PSYoungGen      total 94208K, used 0K [0x00000000e0000000, 0x00000000e7d80000, 0x0000000100000000)
  eden space 83456K, 0% used [0x00000000e0000000,0x00000000e0000000,0x00000000e5180000)
  from space 10752K, 0% used [0x00000000e7300000,0x00000000e7300000,0x00000000e7d80000)
  to   space 9728K, 0% used [0x00000000e5180000,0x00000000e5180000,0x00000000e5b00000)
 ParOldGen       total 56320K, used 26652K [0x00000000a0000000, 0x00000000a3700000, 0x00000000e0000000)
  object space 56320K, 47% used [0x00000000a0000000,0x00000000a1a073b0,0x00000000a3700000)
 Metaspace       used 47389K, capacity 48446K, committed 48472K, reserved 1093632K
  class space    used 6431K, capacity 6760K, committed 6784K, reserved 1048576K
}

Deoptimization events (10 events):
Event: 7.916 Thread 0x00000000199c0800 Uncommon trap: reason=unstable_if action=reinterpret pc=0x0000000003644b6c method=sun.misc.MetaIndex.mayContain(Ljava/lang/String;)Z @ 38
Event: 7.917 Thread 0x00000000199c0800 Uncommon trap: reason=class_check action=maybe_recompile pc=0x00000000035d0540 method=java.io.DataInputStream.readUnsignedShort()I @ 4
Event: 7.917 Thread 0x00000000199c0800 Uncommon trap: reason=class_check action=maybe_recompile pc=0x00000000035d0540 method=java.io.DataInputStream.readUnsignedShort()I @ 4
Event: 7.917 Thread 0x00000000199c0800 Uncommon trap: reason=class_check action=maybe_recompile pc=0x00000000035d0540 method=java.io.DataInputStream.readUnsignedShort()I @ 4
Event: 7.917 Thread 0x00000000199c0800 Uncommon trap: reason=class_check action=maybe_recompile pc=0x00000000035d0540 method=java.io.DataInputStream.readUnsignedShort()I @ 4
Event: 7.998 Thread 0x00000000199c0800 Uncommon trap: reason=unstable_if action=reinterpret pc=0x0000000003d23bc8 method=java.io.DataInputStream.readUTF(Ljava/io/DataInput;)Ljava/lang/String; @ 31
Event: 8.232 Thread 0x00000000199c0800 Uncommon trap: reason=unstable_if action=reinterpret pc=0x0000000003912fec method=java.util.WeakHashMap.remove(Ljava/lang/Object;)Ljava/lang/Object; @ 94
Event: 8.252 Thread 0x00000000199c0800 Uncommon trap: reason=unstable_if action=reinterpret pc=0x000000000337e360 method=java.util.regex.Pattern$BmpCharProperty.match(Ljava/util/regex/Matcher;ILjava/lang/CharSequence;)Z @ 34
Event: 8.633 Thread 0x00000000199c0800 Uncommon trap: reason=unstable_if action=reinterpret pc=0x0000000003debaf0 method=java.util.regex.Pattern$LastNode.match(Ljava/util/regex/Matcher;ILjava/lang/CharSequence;)Z @ 5
Event: 9.255 Thread 0x000000000304e000 Uncommon trap: reason=unstable_if action=reinterpret pc=0x00000000034b8d94 method=java.util.WeakHashMap.expungeStaleEntries()V @ 9

Classes redefined (0 events):
No events

Internal exceptions (10 events):
Event: 8.557 Thread 0x00000000199c0800 Exception <a 'sun/nio/fs/WindowsException'> (0x00000000e4273e70) thrown at [D:\src\AOSP-openjdk-cygwin\jdk8u\hotspot\src\share\vm\prims\jni.cpp, line 709]
Event: 8.558 Thread 0x00000000199c0800 Exception <a 'sun/nio/fs/WindowsException'> (0x00000000e4276ba0) thrown at [D:\src\AOSP-openjdk-cygwin\jdk8u\hotspot\src\share\vm\prims\jni.cpp, line 709]
Event: 8.558 Thread 0x00000000199c0800 Exception <a 'sun/nio/fs/WindowsException'> (0x00000000e42777f0) thrown at [D:\src\AOSP-openjdk-cygwin\jdk8u\hotspot\src\share\vm\prims\jni.cpp, line 709]
Event: 8.558 Thread 0x00000000199c0800 Exception <a 'sun/nio/fs/WindowsException'> (0x00000000e4279480) thrown at [D:\src\AOSP-openjdk-cygwin\jdk8u\hotspot\src\share\vm\prims\jni.cpp, line 709]
Event: 8.558 Thread 0x00000000199c0800 Exception <a 'sun/nio/fs/WindowsException'> (0x00000000e427a108) thrown at [D:\src\AOSP-openjdk-cygwin\jdk8u\hotspot\src\share\vm\prims\jni.cpp, line 709]
Event: 8.567 Thread 0x00000000199c0800 Exception <a 'java/lang/NoSuchMethodError': java.lang.Object.lambda$comparing$77a9974f$1(Ljava/util/function/Function;Ljava/lang/Object;Ljava/lang/Object;)I> (0x00000000e42ff8e0) thrown at [D:\src\AOSP-openjdk-cygwin\jdk8u\hotspot\src\share\vm\interpreter
Event: 8.568 Thread 0x00000000199c0800 Exception <a 'java/lang/NoSuchMethodError': java.lang.Object.lambda$thenComparing$36697e65$1(Ljava/util/Comparator;Ljava/lang/Object;Ljava/lang/Object;)I> (0x00000000e430af60) thrown at [D:\src\AOSP-openjdk-cygwin\jdk8u\hotspot\src\share\vm\interpreter\li
Event: 8.641 Thread 0x00000000199c0800 Exception <a 'java/lang/NoSuchMethodError': java.lang.Object.lambda$maxBy$1(Ljava/util/Comparator;Ljava/lang/Object;Ljava/lang/Object;)Ljava/lang/Object;> (0x00000000e4458d90) thrown at [D:\src\AOSP-openjdk-cygwin\jdk8u\hotspot\src\share\vm\interpreter\li
Event: 8.984 Thread 0x00000000199c0800 Exception <a 'java/lang/ClassNotFoundException': org/gradle/api/plugins/BasePluginConventionBeanInfo> (0x00000000e4b0ca58) thrown at [D:\src\AOSP-openjdk-cygwin\jdk8u\hotspot\src\share\vm\classfile\systemDictionary.cpp, line 210]
Event: 8.985 Thread 0x00000000199c0800 Exception <a 'java/lang/ClassNotFoundException': org/gradle/api/plugins/BasePluginConventionCustomizer> (0x00000000e4b2f188) thrown at [D:\src\AOSP-openjdk-cygwin\jdk8u\hotspot\src\share\vm\classfile\systemDictionary.cpp, line 210]

Events (10 events):
Event: 9.295 loading class com/android/build/api/attributes/VariantAttr
Event: 9.295 loading class com/android/build/api/attributes/VariantAttr done
Event: 9.297 loading class com/google/wireless/android/sdk/stats/ApiVersionOrBuilder
Event: 9.297 loading class com/google/wireless/android/sdk/stats/ApiVersionOrBuilder done
Event: 9.304 loading class com/google/wireless/android/sdk/stats/GradleBuildVariant$1
Event: 9.304 loading class com/google/wireless/android/sdk/stats/GradleBuildVariant$1 done
Event: 9.304 loading class com/google/wireless/android/sdk/stats/GradleBuildVariant$Builder
Event: 9.304 loading class com/google/wireless/android/sdk/stats/GradleBuildVariant$Builder done
Event: 9.307 loading class com/google/wireless/android/sdk/stats/ApiVersion
Event: 9.307 loading class com/google/wireless/android/sdk/stats/ApiVersion done


Dynamic libraries:
0x00007ff7b56c0000 - 0x00007ff7b56f1000 	C:\Program Files\Android\Android Studio\jre\bin\java.exe
0x00007ffa060c0000 - 0x00007ffa062a1000 	C:\WINDOWS\SYSTEM32\ntdll.dll
0x00007ffa04e60000 - 0x00007ffa04f12000 	C:\WINDOWS\System32\KERNEL32.DLL
0x00007ffa02620000 - 0x00007ffa02893000 	C:\WINDOWS\System32\KERNELBASE.dll
0x00007ffa05910000 - 0x00007ffa059b1000 	C:\WINDOWS\System32\ADVAPI32.dll
0x00007ffa053b0000 - 0x00007ffa0544e000 	C:\WINDOWS\System32\msvcrt.dll
0x00007ffa03760000 - 0x00007ffa037bb000 	C:\WINDOWS\System32\sechost.dll
0x00007ffa059c0000 - 0x00007ffa05ae4000 	C:\WINDOWS\System32\RPCRT4.dll
0x00007ffa03820000 - 0x00007ffa039b0000 	C:\WINDOWS\System32\USER32.dll
0x00007ffa02ae0000 - 0x00007ffa02b00000 	C:\WINDOWS\System32\win32u.dll
0x00007ffa05040000 - 0x00007ffa05068000 	C:\WINDOWS\System32\GDI32.dll
0x00007ffa033b0000 - 0x00007ffa03542000 	C:\WINDOWS\System32\gdi32full.dll
0x00007ffa02b00000 - 0x00007ffa02b9f000 	C:\WINDOWS\System32\msvcp_win.dll
0x00007ffa02ba0000 - 0x00007ffa02c9a000 	C:\WINDOWS\System32\ucrtbase.dll
0x00007ff9f8240000 - 0x00007ff9f84a9000 	C:\WINDOWS\WinSxS\amd64_microsoft.windows.common-controls_6595b64144ccf1df_6.0.17134.407_none_fb449d63306391e9\COMCTL32.dll
0x00007ffa05c90000 - 0x00007ffa05fb2000 	C:\WINDOWS\System32\combase.dll
0x00007ffa02540000 - 0x00007ffa025ba000 	C:\WINDOWS\System32\bcryptPrimitives.dll
0x00007ffa05200000 - 0x00007ffa0522d000 	C:\WINDOWS\System32\IMM32.DLL
0x0000000053f20000 - 0x0000000053ff2000 	C:\Program Files\Android\Android Studio\jre\jre\bin\msvcr100.dll
0x0000000054000000 - 0x000000005483f000 	C:\Program Files\Android\Android Studio\jre\jre\bin\server\jvm.dll
0x00007ffa058a0000 - 0x00007ffa058a8000 	C:\WINDOWS\System32\PSAPI.DLL
0x00007ff9ffb30000 - 0x00007ff9ffb53000 	C:\WINDOWS\SYSTEM32\WINMM.dll
0x00007ffa00fc0000 - 0x00007ffa00fc9000 	C:\WINDOWS\SYSTEM32\WSOCK32.dll
0x00007ff9fc640000 - 0x00007ff9fc64a000 	C:\WINDOWS\SYSTEM32\VERSION.dll
0x00007ffa04df0000 - 0x00007ffa04e5c000 	C:\WINDOWS\System32\WS2_32.dll
0x00007ff9ffb00000 - 0x00007ff9ffb2a000 	C:\WINDOWS\SYSTEM32\WINMMBASE.dll
0x00007ffa02a90000 - 0x00007ffa02ad9000 	C:\WINDOWS\System32\cfgmgr32.dll
0x00007ff9fea20000 - 0x00007ff9fea2f000 	C:\Program Files\Android\Android Studio\jre\jre\bin\verify.dll
0x00007ff9fd1e0000 - 0x00007ff9fd209000 	C:\Program Files\Android\Android Studio\jre\jre\bin\java.dll
0x00007ff9efd00000 - 0x00007ff9efd16000 	C:\Program Files\Android\Android Studio\jre\jre\bin\zip.dll
0x00007ffa039b0000 - 0x00007ffa04def000 	C:\WINDOWS\System32\SHELL32.dll
0x00007ffa036b0000 - 0x00007ffa03759000 	C:\WINDOWS\System32\shcore.dll
0x00007ffa02ca0000 - 0x00007ffa033ad000 	C:\WINDOWS\System32\windows.storage.dll
0x00007ffa037c0000 - 0x00007ffa03811000 	C:\WINDOWS\System32\shlwapi.dll
0x00007ffa02440000 - 0x00007ffa02451000 	C:\WINDOWS\System32\kernel.appcore.dll
0x00007ffa023d0000 - 0x00007ffa023ef000 	C:\WINDOWS\System32\profapi.dll
0x00007ffa023f0000 - 0x00007ffa0243c000 	C:\WINDOWS\System32\powrprof.dll
0x00007ffa02480000 - 0x00007ffa0248a000 	C:\WINDOWS\System32\FLTLIB.DLL
0x00007ff9ebc20000 - 0x00007ff9ebc3a000 	C:\Program Files\Android\Android Studio\jre\jre\bin\net.dll
0x00007ffa01bf0000 - 0x00007ffa01c56000 	C:\WINDOWS\system32\mswsock.dll
0x00007ff9eb290000 - 0x00007ff9eb2a1000 	C:\Program Files\Android\Android Studio\jre\jre\bin\nio.dll
0x00007ff9fd020000 - 0x00007ff9fd03e000 	C:\Users\Asus\.gradle\native\25\windows-amd64\native-platform.dll
0x00007ff9fea10000 - 0x00007ff9fea1d000 	C:\Program Files\Android\Android Studio\jre\jre\bin\management.dll
0x00007ffa01da0000 - 0x00007ffa01db7000 	C:\WINDOWS\SYSTEM32\CRYPTSP.dll
0x00007ffa017d0000 - 0x00007ffa01803000 	C:\WINDOWS\system32\rsaenh.dll
0x00007ffa01ed0000 - 0x00007ffa01ef5000 	C:\WINDOWS\SYSTEM32\bcrypt.dll
0x00007ffa02300000 - 0x00007ffa02328000 	C:\WINDOWS\SYSTEM32\USERENV.dll
0x00007ffa01dc0000 - 0x00007ffa01dcb000 	C:\WINDOWS\SYSTEM32\CRYPTBASE.dll
0x00007ffa01970000 - 0x00007ffa019a8000 	C:\WINDOWS\SYSTEM32\IPHLPAPI.DLL
0x00007ffa052b0000 - 0x00007ffa052b8000 	C:\WINDOWS\System32\NSI.dll
0x00007ff9fc9f0000 - 0x00007ff9fca06000 	C:\WINDOWS\SYSTEM32\dhcpcsvc6.DLL
0x00007ff9fcdf0000 - 0x00007ff9fce0a000 	C:\WINDOWS\SYSTEM32\dhcpcsvc.DLL

VM Arguments:
jvm_args: -Xmx1536m -Dfile.encoding=windows-1252 -Duser.country=MY -Duser.language=en -Duser.variant 
java_command: org.gradle.launcher.daemon.bootstrap.GradleDaemon 4.4
java_class_path (initial): C:\Users\Asus\.gradle\wrapper\dists\gradle-4.4-all\9br9xq1tocpiv8o6njlyu5op1\gradle-4.4\lib\gradle-launcher-4.4.jar
Launcher Type: SUN_STANDARD

Environment Variables:
PATH=C:\ProgramData\Oracle\Java\javapath;C:\Program Files (x86)\Intel\iCLS Client\;C:\Program Files\Intel\iCLS Client\;C:\Windows\system32;C:\Windows;C:\Windows\System32\Wbem;C:\Windows\System32\WindowsPowerShell\v1.0\;C:\Program Files (x86)\Intel\Intel(R) Management Engine Components\DAL;C:\Program Files\Intel\Intel(R) Management Engine Components\DAL;C:\Program Files (x86)\Intel\Intel(R) Management Engine Components\IPT;C:\Program Files\Intel\Intel(R) Management Engine Components\IPT;C:\Program Files (x86)\NVIDIA Corporation\PhysX\Common;C:\WINDOWS\system32;C:\WINDOWS;C:\WINDOWS\System32\Wbem;C:\WINDOWS\System32\WindowsPowerShell\v1.0\;C:\WINDOWS\System32\OpenSSH\;C:\Users\Asus\AppData\Local\Microsoft\WindowsApps;;C:\Program Files\Microsoft VS Code\bin
USERNAME=CPT
OS=Windows_NT
PROCESSOR_IDENTIFIER=Intel64 Family 6 Model 142 Stepping 9, GenuineIntel



---------------  S Y S T E M  ---------------

OS: Windows 10.0 , 64 bit Build 17134 (10.0.17134.1)

CPU:total 4 (initial active 4) (2 cores per cpu, 2 threads per core) family 6 model 142 stepping 9, cmov, cx8, fxsr, mmx, sse, sse2, sse3, ssse3, sse4.1, sse4.2, popcnt, avx, avx2, aes, clmul, erms, 3dnowpref, lzcnt, ht, tsc, tscinvbit, bmi1, bmi2, adx

Memory: 4k page, physical 4071976k(368524k free), swap 5498408k(1472k free)

vm_info: OpenJDK 64-Bit Server VM (25.152-b02) for windows-amd64 JRE (1.8.0_152-release-1024-b02), built by "builder" with MS VC++ 10.0 (VS2010)

time: Fri Nov 23 15:11:31 2018
elapsed time: 9 seconds (0d 0h 0m 9s)

