#
# There is insufficient memory for the Java Runtime Environment to continue.
# Native memory allocation (malloc) failed to allocate 1118672 bytes for Chunk::new
# Possible reasons:
#   The system is out of physical RAM or swap space
#   In 32 bit mode, the process size limit was hit
# Possible solutions:
#   Reduce memory load on the system
#   Increase physical memory or swap space
#   Check if swap backing store is full
#   Use 64 bit Java on a 64 bit OS
#   Decrease Java heap size (-Xmx/-Xms)
#   Decrease number of Java threads
#   Decrease Java thread stack sizes (-Xss)
#   Set larger code cache with -XX:ReservedCodeCacheSize=
# This output file may be truncated or incomplete.
#
#  Out of Memory Error (allocation.cpp:390), pid=8784, tid=0x00000000000029b0
#
# JRE version: OpenJDK Runtime Environment (8.0_152-b02) (build 1.8.0_152-release-1024-b02)
# Java VM: OpenJDK 64-Bit Server VM (25.152-b02 mixed mode windows-amd64 compressed oops)
# Failed to write core dump. Minidumps are not enabled by default on client versions of Windows
#

---------------  T H R E A D  ---------------

Current thread (0x0000000016a0e000):  JavaThread "C2 CompilerThread1" daemon [_thread_in_native, id=10672, stack(0x0000000018170000,0x0000000018270000)]

Stack: [0x0000000018170000,0x0000000018270000]
[error occurred during error reporting (printing stack bounds), id 0xc0000005]

Native frames: (J=compiled Java code, j=interpreted, Vv=VM code, C=native code)


Current CompileTask:
C2:   4905 2823       4       org.codehaus.groovy.reflection.CachedMethod::compareTo (25 bytes)


---------------  P R O C E S S  ---------------

Java Threads: ( => current thread )
  0x000000001be1c000 JavaThread "build operations Thread 4" [_thread_blocked, id=5584, stack(0x00000000205c0000,0x00000000206c0000)]
  0x000000001be1e800 JavaThread "build operations Thread 3" [_thread_blocked, id=3224, stack(0x00000000204c0000,0x00000000205c0000)]
  0x000000001be20800 JavaThread "build operations Thread 2" [_thread_blocked, id=12188, stack(0x00000000203c0000,0x00000000204c0000)]
  0x000000001be21800 JavaThread "build operations" [_thread_blocked, id=10900, stack(0x00000000202c0000,0x00000000203c0000)]
  0x000000001be1d800 JavaThread "Cache worker for Artifact transforms cache (C:\Users\Asus\.gradle\caches\transforms-1)" [_thread_blocked, id=2044, stack(0x000000001ea30000,0x000000001eb30000)]
  0x0000000019e51800 JavaThread "Cache worker for file hash cache (C:\Users\Asus\Music\Trip\.gradle\4.4\fileHashes)" [_thread_in_Java, id=7164, stack(0x000000001c590000,0x000000001c690000)]
  0x0000000019e6a000 JavaThread "File lock request listener" [_thread_in_native, id=2004, stack(0x000000001b4c0000,0x000000001b5c0000)]
  0x0000000019d5e000 JavaThread "Cache worker for file hash cache (C:\Users\Asus\.gradle\caches\4.4\fileHashes)" [_thread_blocked, id=8964, stack(0x000000001b3c0000,0x000000001b4c0000)]
  0x00000000190cb000 JavaThread "Stdin handler" [_thread_blocked, id=12672, stack(0x000000001b0c0000,0x000000001b1c0000)]
  0x00000000190c9000 JavaThread "Asynchronous log dispatcher for DefaultDaemonConnection: socket connection from /127.0.0.1:61281 to /127.0.0.1:61282" [_thread_blocked, id=10800, stack(0x000000001afc0000,0x000000001b0c0000)]
  0x0000000019af9000 JavaThread "Daemon worker" [_thread_in_Java, id=3188, stack(0x000000001aec0000,0x000000001afc0000)]
  0x000000001976e000 JavaThread "Cancel handler" [_thread_blocked, id=11924, stack(0x000000001adc0000,0x000000001aec0000)]
  0x0000000019c07800 JavaThread "Handler for socket connection from /127.0.0.1:61281 to /127.0.0.1:61282" [_thread_in_native, id=11072, stack(0x000000001aac0000,0x000000001abc0000)]
  0x0000000019c06800 JavaThread "Daemon" [_thread_blocked, id=4928, stack(0x000000001a9c0000,0x000000001aac0000)]
  0x0000000019802000 JavaThread "Daemon periodic checks" [_thread_blocked, id=2864, stack(0x000000001a8c0000,0x000000001a9c0000)]
  0x00000000197f8000 JavaThread "Incoming local TCP Connector on port 61281" [_thread_in_native, id=9284, stack(0x000000001a680000,0x000000001a780000)]
  0x0000000016a6d800 JavaThread "Service Thread" daemon [_thread_blocked, id=13044, stack(0x0000000018770000,0x0000000018870000)]
  0x0000000016a17000 JavaThread "C1 CompilerThread2" daemon [_thread_blocked, id=220, stack(0x0000000018270000,0x0000000018370000)]
=>0x0000000016a0e000 JavaThread "C2 CompilerThread1" daemon [_thread_in_native, id=10672, stack(0x0000000018170000,0x0000000018270000)]
  0x0000000016a08000 JavaThread "C2 CompilerThread0" daemon [_thread_in_native, id=384, stack(0x0000000018070000,0x0000000018170000)]
  0x0000000016a16000 JavaThread "Attach Listener" daemon [_thread_blocked, id=11756, stack(0x0000000017f70000,0x0000000018070000)]
  0x0000000016a14800 JavaThread "Signal Dispatcher" daemon [_thread_blocked, id=11628, stack(0x0000000017e70000,0x0000000017f70000)]
  0x000000000309c800 JavaThread "Finalizer" daemon [_thread_blocked, id=7112, stack(0x0000000017c80000,0x0000000017d80000)]
  0x0000000003091800 JavaThread "Reference Handler" daemon [_thread_blocked, id=4800, stack(0x0000000017b80000,0x0000000017c80000)]
  0x0000000002f7d800 JavaThread "main" [_thread_blocked, id=7184, stack(0x0000000002e60000,0x0000000002f60000)]

Other Threads:
  0x00000000169d5800 VMThread [stack: 0x0000000017a80000,0x0000000017b80000] [id=7044]
  0x000000001839a800 WatcherThread [stack: 0x0000000018870000,0x0000000018970000] [id=7264]

VM state:not at safepoint (normal execution)

VM Mutex/Monitor currently owned by a thread: None

Heap:
 PSYoungGen      total 106496K, used 73485K [0x00000000e0000000, 0x00000000e8d80000, 0x0000000100000000)
  eden space 98816K, 67% used [0x00000000e0000000,0x00000000e40b8518,0x00000000e6080000)
  from space 7680K, 93% used [0x00000000e8600000,0x00000000e8d0b000,0x00000000e8d80000)
  to   space 8704K, 0% used [0x00000000e7c80000,0x00000000e7c80000,0x00000000e8500000)
 ParOldGen       total 35328K, used 7975K [0x00000000a0000000, 0x00000000a2280000, 0x00000000e0000000)
  object space 35328K, 22% used [0x00000000a0000000,0x00000000a07c9e08,0x00000000a2280000)
 Metaspace       used 29950K, capacity 30446K, committed 30592K, reserved 1075200K
  class space    used 4199K, capacity 4386K, committed 4480K, reserved 1048576K

Card table byte_map: [0x0000000012460000,0x0000000012770000] byte_map_base: 0x0000000011f60000

Marking Bits: (ParMarkBitMap*) 0x00000000547c4970
 Begin Bits: [0x0000000012d70000, 0x0000000014570000)
 End Bits:   [0x0000000014570000, 0x0000000015d70000)

Polling page: 0x0000000001040000

CodeCache: size=245760Kb used=10375Kb max_used=10375Kb free=235384Kb
 bounds [0x00000000030a0000, 0x0000000003ad0000, 0x00000000120a0000]
 total_blobs=3518 nmethods=2860 adapters=571
 compilation: enabled

Compilation events (10 events):
Event: 4.890 Thread 0x0000000016a17000 2910   !   3       java.util.WeakHashMap::expungeStaleEntries (139 bytes)
Event: 4.891 Thread 0x0000000016a17000 nmethod 2910 0x0000000003abaa90 code [0x0000000003abac60, 0x0000000003abb768]
Event: 4.891 Thread 0x0000000016a17000 2911       3       java.lang.Enum::hashCode (5 bytes)
Event: 4.891 Thread 0x0000000016a17000 nmethod 2911 0x0000000003ab9890 code [0x0000000003ab9a00, 0x0000000003ab9b88]
Event: 4.891 Thread 0x0000000016a17000 2913       3       org.gradle.model.internal.core.ModelReference::isUntyped (11 bytes)
Event: 4.892 Thread 0x0000000016a17000 nmethod 2913 0x0000000003ac6690 code [0x0000000003ac6820, 0x0000000003ac6cc8]
Event: 4.892 Thread 0x0000000016a17000 2912       3       org.gradle.model.internal.core.ModelPath::hashCode (8 bytes)
Event: 4.892 Thread 0x0000000016a17000 nmethod 2912 0x0000000003ac6250 code [0x0000000003ac63c0, 0x0000000003ac65c8]
Event: 4.892 Thread 0x0000000016a17000 2914       3       java.util.HashMap$EntrySet::iterator (12 bytes)
Event: 4.892 Thread 0x0000000016a17000 nmethod 2914 0x0000000003ac5d90 code [0x0000000003ac5f00, 0x0000000003ac6168]

GC Heap History (10 events):
Event: 1.924 GC heap before
{Heap before GC invocations=5 (full 0):
 PSYoungGen      total 35328K, used 35312K [0x00000000e0000000, 0x00000000e2500000, 0x0000000100000000)
  eden space 32768K, 100% used [0x00000000e0000000,0x00000000e2000000,0x00000000e2000000)
  from space 2560K, 99% used [0x00000000e2280000,0x00000000e24fc010,0x00000000e2500000)
  to   space 2560K, 0% used [0x00000000e2000000,0x00000000e2000000,0x00000000e2280000)
 ParOldGen       total 44032K, used 3298K [0x00000000a0000000, 0x00000000a2b00000, 0x00000000e0000000)
  object space 44032K, 7% used [0x00000000a0000000,0x00000000a03388c0,0x00000000a2b00000)
 Metaspace       used 14396K, capacity 14694K, committed 14976K, reserved 1062912K
  class space    used 2012K, capacity 2123K, committed 2176K, reserved 1048576K
Event: 1.930 GC heap after
Heap after GC invocations=5 (full 0):
 PSYoungGen      total 35328K, used 2528K [0x00000000e0000000, 0x00000000e4d00000, 0x0000000100000000)
  eden space 32768K, 0% used [0x00000000e0000000,0x00000000e0000000,0x00000000e2000000)
  from space 2560K, 98% used [0x00000000e2000000,0x00000000e2278020,0x00000000e2280000)
  to   space 6656K, 0% used [0x00000000e4680000,0x00000000e4680000,0x00000000e4d00000)
 ParOldGen       total 44032K, used 7040K [0x00000000a0000000, 0x00000000a2b00000, 0x00000000e0000000)
  object space 44032K, 15% used [0x00000000a0000000,0x00000000a06e02a8,0x00000000a2b00000)
 Metaspace       used 14396K, capacity 14694K, committed 14976K, reserved 1062912K
  class space    used 2012K, capacity 2123K, committed 2176K, reserved 1048576K
}
Event: 2.571 GC heap before
{Heap before GC invocations=6 (full 0):
 PSYoungGen      total 35328K, used 35296K [0x00000000e0000000, 0x00000000e4d00000, 0x0000000100000000)
  eden space 32768K, 100% used [0x00000000e0000000,0x00000000e2000000,0x00000000e2000000)
  from space 2560K, 98% used [0x00000000e2000000,0x00000000e2278020,0x00000000e2280000)
  to   space 6656K, 0% used [0x00000000e4680000,0x00000000e4680000,0x00000000e4d00000)
 ParOldGen       total 44032K, used 7040K [0x00000000a0000000, 0x00000000a2b00000, 0x00000000e0000000)
  object space 44032K, 15% used [0x00000000a0000000,0x00000000a06e02a8,0x00000000a2b00000)
 Metaspace       used 17611K, capacity 18080K, committed 18304K, reserved 1064960K
  class space    used 2537K, capacity 2686K, committed 2688K, reserved 1048576K
Event: 2.582 GC heap after
Heap after GC invocations=6 (full 0):
 PSYoungGen      total 71168K, used 6617K [0x00000000e0000000, 0x00000000e4f00000, 0x0000000100000000)
  eden space 64512K, 0% used [0x00000000e0000000,0x00000000e0000000,0x00000000e3f00000)
  from space 6656K, 99% used [0x00000000e4680000,0x00000000e4cf6730,0x00000000e4d00000)
  to   space 7680K, 0% used [0x00000000e3f00000,0x00000000e3f00000,0x00000000e4680000)
 ParOldGen       total 44032K, used 7048K [0x00000000a0000000, 0x00000000a2b00000, 0x00000000e0000000)
  object space 44032K, 16% used [0x00000000a0000000,0x00000000a06e22a8,0x00000000a2b00000)
 Metaspace       used 17611K, capacity 18080K, committed 18304K, reserved 1064960K
  class space    used 2537K, capacity 2686K, committed 2688K, reserved 1048576K
}
Event: 2.802 GC heap before
{Heap before GC invocations=7 (full 0):
 PSYoungGen      total 71168K, used 20847K [0x00000000e0000000, 0x00000000e4f00000, 0x0000000100000000)
  eden space 64512K, 22% used [0x00000000e0000000,0x00000000e0de5700,0x00000000e3f00000)
  from space 6656K, 99% used [0x00000000e4680000,0x00000000e4cf6730,0x00000000e4d00000)
  to   space 7680K, 0% used [0x00000000e3f00000,0x00000000e3f00000,0x00000000e4680000)
 ParOldGen       total 44032K, used 7048K [0x00000000a0000000, 0x00000000a2b00000, 0x00000000e0000000)
  object space 44032K, 16% used [0x00000000a0000000,0x00000000a06e22a8,0x00000000a2b00000)
 Metaspace       used 20807K, capacity 21184K, committed 21248K, reserved 1067008K
  class space    used 2904K, capacity 3038K, committed 3072K, reserved 1048576K
Event: 2.810 GC heap after
Heap after GC invocations=7 (full 0):
 PSYoungGen      total 72192K, used 5648K [0x00000000e0000000, 0x00000000e8e00000, 0x0000000100000000)
  eden space 64512K, 0% used [0x00000000e0000000,0x00000000e0000000,0x00000000e3f00000)
  from space 7680K, 73% used [0x00000000e3f00000,0x00000000e44842c0,0x00000000e4680000)
  to   space 8192K, 0% used [0x00000000e8600000,0x00000000e8600000,0x00000000e8e00000)
 ParOldGen       total 44032K, used 7752K [0x00000000a0000000, 0x00000000a2b00000, 0x00000000e0000000)
  object space 44032K, 17% used [0x00000000a0000000,0x00000000a07922f8,0x00000000a2b00000)
 Metaspace       used 20807K, capacity 21184K, committed 21248K, reserved 1067008K
  class space    used 2904K, capacity 3038K, committed 3072K, reserved 1048576K
}
Event: 2.810 GC heap before
{Heap before GC invocations=8 (full 1):
 PSYoungGen      total 72192K, used 5648K [0x00000000e0000000, 0x00000000e8e00000, 0x0000000100000000)
  eden space 64512K, 0% used [0x00000000e0000000,0x00000000e0000000,0x00000000e3f00000)
  from space 7680K, 73% used [0x00000000e3f00000,0x00000000e44842c0,0x00000000e4680000)
  to   space 8192K, 0% used [0x00000000e8600000,0x00000000e8600000,0x00000000e8e00000)
 ParOldGen       total 44032K, used 7752K [0x00000000a0000000, 0x00000000a2b00000, 0x00000000e0000000)
  object space 44032K, 17% used [0x00000000a0000000,0x00000000a07922f8,0x00000000a2b00000)
 Metaspace       used 20807K, capacity 21184K, committed 21248K, reserved 1067008K
  class space    used 2904K, capacity 3038K, committed 3072K, reserved 1048576K
Event: 2.854 GC heap after
Heap after GC invocations=8 (full 1):
 PSYoungGen      total 72192K, used 0K [0x00000000e0000000, 0x00000000e8e00000, 0x0000000100000000)
  eden space 64512K, 0% used [0x00000000e0000000,0x00000000e0000000,0x00000000e3f00000)
  from space 7680K, 0% used [0x00000000e3f00000,0x00000000e3f00000,0x00000000e4680000)
  to   space 8192K, 0% used [0x00000000e8600000,0x00000000e8600000,0x00000000e8e00000)
 ParOldGen       total 35328K, used 7967K [0x00000000a0000000, 0x00000000a2280000, 0x00000000e0000000)
  object space 35328K, 22% used [0x00000000a0000000,0x00000000a07c7e08,0x00000000a2280000)
 Metaspace       used 20807K, capacity 21184K, committed 21248K, reserved 1067008K
  class space    used 2904K, capacity 3038K, committed 3072K, reserved 1048576K
}
Event: 3.815 GC heap before
{Heap before GC invocations=9 (full 1):
 PSYoungGen      total 72192K, used 64512K [0x00000000e0000000, 0x00000000e8e00000, 0x0000000100000000)
  eden space 64512K, 100% used [0x00000000e0000000,0x00000000e3f00000,0x00000000e3f00000)
  from space 7680K, 0% used [0x00000000e3f00000,0x00000000e3f00000,0x00000000e4680000)
  to   space 8192K, 0% used [0x00000000e8600000,0x00000000e8600000,0x00000000e8e00000)
 ParOldGen       total 35328K, used 7967K [0x00000000a0000000, 0x00000000a2280000, 0x00000000e0000000)
  object space 35328K, 22% used [0x00000000a0000000,0x00000000a07c7e08,0x00000000a2280000)
 Metaspace       used 26540K, capacity 27040K, committed 27136K, reserved 1073152K
  class space    used 3660K, capacity 3829K, committed 3840K, reserved 1048576K
Event: 3.822 GC heap after
Heap after GC invocations=9 (full 1):
 PSYoungGen      total 106496K, used 7212K [0x00000000e0000000, 0x00000000e8d80000, 0x0000000100000000)
  eden space 98816K, 0% used [0x00000000e0000000,0x00000000e0000000,0x00000000e6080000)
  from space 7680K, 93% used [0x00000000e8600000,0x00000000e8d0b000,0x00000000e8d80000)
  to   space 8704K, 0% used [0x00000000e7c80000,0x00000000e7c80000,0x00000000e8500000)
 ParOldGen       total 35328K, used 7975K [0x00000000a0000000, 0x00000000a2280000, 0x00000000e0000000)
  object space 35328K, 22% used [0x00000000a0000000,0x00000000a07c9e08,0x00000000a2280000)
 Metaspace       used 26540K, capacity 27040K, committed 27136K, reserved 1073152K
  class space    used 3660K, capacity 3829K, committed 3840K, reserved 1048576K
}

Deoptimization events (10 events):
Event: 4.468 Thread 0x000000001be1c000 Uncommon trap: reason=unstable_if action=reinterpret pc=0x00000000039cc4ac method=com.esotericsoftware.kryo.io.Output.writeString(Ljava/lang/CharSequence;)V @ 1
Event: 4.543 Thread 0x000000001be1e800 Uncommon trap: reason=unstable_if action=reinterpret pc=0x0000000003571d84 method=java.util.concurrent.ConcurrentHashMap.addCount(JI)V @ 168
Event: 4.543 Thread 0x000000001be1e800 Uncommon trap: reason=unstable_if action=reinterpret pc=0x000000000350e408 method=java.util.concurrent.ConcurrentHashMap.transfer([Ljava/util/concurrent/ConcurrentHashMap$Node;[Ljava/util/concurrent/ConcurrentHashMap$Node;)V @ 34
Event: 4.544 Thread 0x000000001be1c000 Uncommon trap: reason=unstable_if action=reinterpret pc=0x0000000003981634 method=java.util.concurrent.ConcurrentHashMap.get(Ljava/lang/Object;)Ljava/lang/Object; @ 86
Event: 4.545 Thread 0x000000001be1c000 Uncommon trap: reason=unstable_if action=reinterpret pc=0x0000000003504694 method=java.util.concurrent.ConcurrentHashMap.addCount(JI)V @ 168
Event: 4.701 Thread 0x0000000019af9000 Uncommon trap: reason=unstable_if action=reinterpret pc=0x000000000336c9fc method=java.util.jar.JarFile.match([C[B[I[I)Z @ 29
Event: 4.756 Thread 0x0000000019af9000 Uncommon trap: reason=unstable_if action=reinterpret pc=0x00000000034f3ec0 method=java.util.WeakHashMap.expungeStaleEntries()V @ 9
Event: 4.768 Thread 0x0000000019af9000 Uncommon trap: reason=unstable_if action=reinterpret pc=0x00000000038aa008 method=java.net.URLClassLoader.isSealed(Ljava/lang/String;Ljava/util/jar/Manifest;)Z @ 26
Event: 4.768 Thread 0x0000000019af9000 Uncommon trap: reason=unstable_if action=reinterpret pc=0x000000000388f080 method=java.net.URLClassLoader.isSealed(Ljava/lang/String;Ljava/util/jar/Manifest;)Z @ 26
Event: 4.827 Thread 0x0000000019af9000 Uncommon trap: reason=range_check action=make_not_entrant pc=0x0000000003942e2c method=java.lang.String.charAt(I)C @ 27

Classes redefined (0 events):
No events

Internal exceptions (10 events):
Event: 4.865 Thread 0x0000000019af9000 Exception <a 'java/lang/ClassNotFoundException': org/gradle/api/tasks/Delete_DecoratedBeanInfo> (0x00000000e3cdf0d8) thrown at [D:\src\AOSP-openjdk-cygwin\jdk8u\hotspot\src\share\vm\classfile\systemDictionary.cpp, line 210]
Event: 4.866 Thread 0x0000000019af9000 Exception <a 'java/lang/ClassNotFoundException': org/gradle/api/tasks/DeleteBeanInfo> (0x00000000e3d03f88) thrown at [D:\src\AOSP-openjdk-cygwin\jdk8u\hotspot\src\share\vm\classfile\systemDictionary.cpp, line 210]
Event: 4.866 Thread 0x0000000019af9000 Exception <a 'java/lang/ClassNotFoundException': org/gradle/api/internal/ConventionTaskBeanInfo> (0x00000000e3d2dd40) thrown at [D:\src\AOSP-openjdk-cygwin\jdk8u\hotspot\src\share\vm\classfile\systemDictionary.cpp, line 210]
Event: 4.867 Thread 0x0000000019af9000 Exception <a 'java/lang/ClassNotFoundException': org/gradle/api/DefaultTaskBeanInfo> (0x00000000e3d50918) thrown at [D:\src\AOSP-openjdk-cygwin\jdk8u\hotspot\src\share\vm\classfile\systemDictionary.cpp, line 210]
Event: 4.868 Thread 0x0000000019af9000 Exception <a 'java/lang/ClassNotFoundException': org/gradle/api/internal/AbstractTaskBeanInfo> (0x00000000e3d79b38) thrown at [D:\src\AOSP-openjdk-cygwin\jdk8u\hotspot\src\share\vm\classfile\systemDictionary.cpp, line 210]
Event: 4.868 Thread 0x0000000019af9000 Exception <a 'java/lang/ClassNotFoundException': org/gradle/api/internal/AbstractTaskCustomizer> (0x00000000e3da3ab0) thrown at [D:\src\AOSP-openjdk-cygwin\jdk8u\hotspot\src\share\vm\classfile\systemDictionary.cpp, line 210]
Event: 4.871 Thread 0x0000000019af9000 Exception <a 'java/lang/ClassNotFoundException': org/gradle/api/DefaultTaskCustomizer> (0x00000000e3e2b7b0) thrown at [D:\src\AOSP-openjdk-cygwin\jdk8u\hotspot\src\share\vm\classfile\systemDictionary.cpp, line 210]
Event: 4.872 Thread 0x0000000019af9000 Exception <a 'java/lang/ClassNotFoundException': org/gradle/api/internal/ConventionTaskCustomizer> (0x00000000e3e64fe8) thrown at [D:\src\AOSP-openjdk-cygwin\jdk8u\hotspot\src\share\vm\classfile\systemDictionary.cpp, line 210]
Event: 4.874 Thread 0x0000000019af9000 Exception <a 'java/lang/ClassNotFoundException': org/gradle/api/tasks/DeleteCustomizer> (0x00000000e3e9c728) thrown at [D:\src\AOSP-openjdk-cygwin\jdk8u\hotspot\src\share\vm\classfile\systemDictionary.cpp, line 210]
Event: 4.876 Thread 0x0000000019af9000 Exception <a 'java/lang/ClassNotFoundException': org/gradle/api/tasks/Delete_DecoratedCustomizer> (0x00000000e3ee1820) thrown at [D:\src\AOSP-openjdk-cygwin\jdk8u\hotspot\src\share\vm\classfile\systemDictionary.cpp, line 210]

Events (10 events):
Event: 4.886 loading class org/gradle/api/internal/provider/AbstractMappingProvider
Event: 4.886 loading class org/gradle/api/internal/provider/AbstractMappingProvider done
Event: 4.887 loading class org/gradle/configuration/project/DefaultProjectConfigurationActionContainer
Event: 4.887 loading class org/gradle/configuration/project/DefaultProjectConfigurationActionContainer done
Event: 4.888 loading class org/gradle/configuration/project/ConfigureProjectBuildOperationType
Event: 4.888 loading class org/gradle/configuration/project/ConfigureProjectBuildOperationType done
Event: 4.889 loading class org/gradle/configuration/project/ConfigureProjectBuildOperationType$Result
Event: 4.889 loading class org/gradle/configuration/project/ConfigureProjectBuildOperationType$Result done
Event: 4.889 loading class org/gradle/configuration/project/ConfigureProjectBuildOperationType$1
Event: 4.889 loading class org/gradle/configuration/project/ConfigureProjectBuildOperationType$1 done


Dynamic libraries:
0x00007ff7b56c0000 - 0x00007ff7b56f1000 	C:\Program Files\Android\Android Studio\jre\bin\java.exe
0x00007ffa060c0000 - 0x00007ffa062a1000 	C:\WINDOWS\SYSTEM32\ntdll.dll
0x00007ffa04e60000 - 0x00007ffa04f12000 	C:\WINDOWS\System32\KERNEL32.DLL
0x00007ffa02620000 - 0x00007ffa02893000 	C:\WINDOWS\System32\KERNELBASE.dll
0x00007ffa05910000 - 0x00007ffa059b1000 	C:\WINDOWS\System32\ADVAPI32.dll
0x00007ffa053b0000 - 0x00007ffa0544e000 	C:\WINDOWS\System32\msvcrt.dll
0x00007ffa03760000 - 0x00007ffa037bb000 	C:\WINDOWS\System32\sechost.dll
0x00007ffa059c0000 - 0x00007ffa05ae4000 	C:\WINDOWS\System32\RPCRT4.dll
0x00007ffa03820000 - 0x00007ffa039b0000 	C:\WINDOWS\System32\USER32.dll
0x00007ffa02ae0000 - 0x00007ffa02b00000 	C:\WINDOWS\System32\win32u.dll
0x00007ffa05040000 - 0x00007ffa05068000 	C:\WINDOWS\System32\GDI32.dll
0x00007ffa033b0000 - 0x00007ffa03542000 	C:\WINDOWS\System32\gdi32full.dll
0x00007ffa02b00000 - 0x00007ffa02b9f000 	C:\WINDOWS\System32\msvcp_win.dll
0x00007ffa02ba0000 - 0x00007ffa02c9a000 	C:\WINDOWS\System32\ucrtbase.dll
0x00007ff9f8240000 - 0x00007ff9f84a9000 	C:\WINDOWS\WinSxS\amd64_microsoft.windows.common-controls_6595b64144ccf1df_6.0.17134.407_none_fb449d63306391e9\COMCTL32.dll
0x00007ffa05c90000 - 0x00007ffa05fb2000 	C:\WINDOWS\System32\combase.dll
0x00007ffa02540000 - 0x00007ffa025ba000 	C:\WINDOWS\System32\bcryptPrimitives.dll
0x00007ffa05200000 - 0x00007ffa0522d000 	C:\WINDOWS\System32\IMM32.DLL
0x0000000053f20000 - 0x0000000053ff2000 	C:\Program Files\Android\Android Studio\jre\jre\bin\msvcr100.dll
0x0000000054000000 - 0x000000005483f000 	C:\Program Files\Android\Android Studio\jre\jre\bin\server\jvm.dll
0x00007ffa058a0000 - 0x00007ffa058a8000 	C:\WINDOWS\System32\PSAPI.DLL
0x00007ffa00fc0000 - 0x00007ffa00fc9000 	C:\WINDOWS\SYSTEM32\WSOCK32.dll
0x00007ff9ffb30000 - 0x00007ff9ffb53000 	C:\WINDOWS\SYSTEM32\WINMM.dll
0x00007ff9fc640000 - 0x00007ff9fc64a000 	C:\WINDOWS\SYSTEM32\VERSION.dll
0x00007ffa04df0000 - 0x00007ffa04e5c000 	C:\WINDOWS\System32\WS2_32.dll
0x00007ff9ffb00000 - 0x00007ff9ffb2a000 	C:\WINDOWS\SYSTEM32\WINMMBASE.dll
0x00007ffa02a90000 - 0x00007ffa02ad9000 	C:\WINDOWS\System32\cfgmgr32.dll
0x00007ff9fea20000 - 0x00007ff9fea2f000 	C:\Program Files\Android\Android Studio\jre\jre\bin\verify.dll
0x00007ff9fd1e0000 - 0x00007ff9fd209000 	C:\Program Files\Android\Android Studio\jre\jre\bin\java.dll
0x00007ff9efd00000 - 0x00007ff9efd16000 	C:\Program Files\Android\Android Studio\jre\jre\bin\zip.dll
0x00007ffa039b0000 - 0x00007ffa04def000 	C:\WINDOWS\System32\SHELL32.dll
0x00007ffa036b0000 - 0x00007ffa03759000 	C:\WINDOWS\System32\shcore.dll
0x00007ffa02ca0000 - 0x00007ffa033ad000 	C:\WINDOWS\System32\windows.storage.dll
0x00007ffa037c0000 - 0x00007ffa03811000 	C:\WINDOWS\System32\shlwapi.dll
0x00007ffa02440000 - 0x00007ffa02451000 	C:\WINDOWS\System32\kernel.appcore.dll
0x00007ffa023d0000 - 0x00007ffa023ef000 	C:\WINDOWS\System32\profapi.dll
0x00007ffa023f0000 - 0x00007ffa0243c000 	C:\WINDOWS\System32\powrprof.dll
0x00007ffa02480000 - 0x00007ffa0248a000 	C:\WINDOWS\System32\FLTLIB.DLL
0x00007ff9ebc20000 - 0x00007ff9ebc3a000 	C:\Program Files\Android\Android Studio\jre\jre\bin\net.dll
0x00007ffa01bf0000 - 0x00007ffa01c56000 	C:\WINDOWS\system32\mswsock.dll
0x00007ff9eb290000 - 0x00007ff9eb2a1000 	C:\Program Files\Android\Android Studio\jre\jre\bin\nio.dll
0x00007ff9fd020000 - 0x00007ff9fd03e000 	C:\Users\Asus\.gradle\native\25\windows-amd64\native-platform.dll
0x00007ff9fea10000 - 0x00007ff9fea1d000 	C:\Program Files\Android\Android Studio\jre\jre\bin\management.dll
0x00007ffa01da0000 - 0x00007ffa01db7000 	C:\WINDOWS\SYSTEM32\CRYPTSP.dll
0x00007ffa017d0000 - 0x00007ffa01803000 	C:\WINDOWS\system32\rsaenh.dll
0x00007ffa01ed0000 - 0x00007ffa01ef5000 	C:\WINDOWS\SYSTEM32\bcrypt.dll
0x00007ffa02300000 - 0x00007ffa02328000 	C:\WINDOWS\SYSTEM32\USERENV.dll
0x00007ffa01dc0000 - 0x00007ffa01dcb000 	C:\WINDOWS\SYSTEM32\CRYPTBASE.dll
0x00007ffa01970000 - 0x00007ffa019a8000 	C:\WINDOWS\SYSTEM32\IPHLPAPI.DLL
0x00007ffa052b0000 - 0x00007ffa052b8000 	C:\WINDOWS\System32\NSI.dll
0x00007ff9fc9f0000 - 0x00007ff9fca06000 	C:\WINDOWS\SYSTEM32\dhcpcsvc6.DLL
0x00007ff9fcdf0000 - 0x00007ff9fce0a000 	C:\WINDOWS\SYSTEM32\dhcpcsvc.DLL

VM Arguments:
jvm_args: -Xmx1536m -Dfile.encoding=windows-1252 -Duser.country=MY -Duser.language=en -Duser.variant 
java_command: org.gradle.launcher.daemon.bootstrap.GradleDaemon 4.4
java_class_path (initial): C:\Users\Asus\.gradle\wrapper\dists\gradle-4.4-all\9br9xq1tocpiv8o6njlyu5op1\gradle-4.4\lib\gradle-launcher-4.4.jar
Launcher Type: SUN_STANDARD

Environment Variables:
PATH=C:\ProgramData\Oracle\Java\javapath;C:\Program Files (x86)\Intel\iCLS Client\;C:\Program Files\Intel\iCLS Client\;C:\Windows\system32;C:\Windows;C:\Windows\System32\Wbem;C:\Windows\System32\WindowsPowerShell\v1.0\;C:\Program Files (x86)\Intel\Intel(R) Management Engine Components\DAL;C:\Program Files\Intel\Intel(R) Management Engine Components\DAL;C:\Program Files (x86)\Intel\Intel(R) Management Engine Components\IPT;C:\Program Files\Intel\Intel(R) Management Engine Components\IPT;C:\Program Files (x86)\NVIDIA Corporation\PhysX\Common;C:\WINDOWS\system32;C:\WINDOWS;C:\WINDOWS\System32\Wbem;C:\WINDOWS\System32\WindowsPowerShell\v1.0\;C:\WINDOWS\System32\OpenSSH\;C:\Users\Asus\AppData\Local\Microsoft\WindowsApps;;C:\Program Files\Microsoft VS Code\bin
USERNAME=CPT
OS=Windows_NT
PROCESSOR_IDENTIFIER=Intel64 Family 6 Model 142 Stepping 9, GenuineIntel



---------------  S Y S T E M  ---------------

OS: Windows 10.0 , 64 bit Build 17134 (10.0.17134.1)

CPU:total 4 (initial active 4) (2 cores per cpu, 2 threads per core) family 6 model 142 stepping 9, cmov, cx8, fxsr, mmx, sse, sse2, sse3, ssse3, sse4.1, sse4.2, popcnt, avx, avx2, aes, clmul, erms, 3dnowpref, lzcnt, ht, tsc, tscinvbit, bmi1, bmi2, adx

Memory: 4k page, physical 4071976k(411784k free), swap 5498408k(5436k free)

vm_info: OpenJDK 64-Bit Server VM (25.152-b02) for windows-amd64 JRE (1.8.0_152-release-1024-b02), built by "builder" with MS VC++ 10.0 (VS2010)

time: Fri Nov 23 15:12:20 2018
elapsed time: 4 seconds (0d 0h 0m 4s)

